@!@!@STARTMSG 2262:0 @!@!@
TLC2 Version 2.20 of Day Month 20?? (rev: 13e5a39)
@!@!@ENDMSG 2262 @!@!@
@!@!@STARTMSG 2187:0 @!@!@
Running breadth-first search Model-Checking with fp 57 and seed -5669065410740415391 with 1 worker on 16 cores with 14370MB heap and 64MB offheap memory [pid: 9764] (Windows 11 10.0 amd64, Microsoft 21.0.6 x86_64, MSBDiskFPSet, DiskStateQueue).
@!@!@ENDMSG 2187 @!@!@
@!@!@STARTMSG 2220:0 @!@!@
Starting SANY...
@!@!@ENDMSG 2220 @!@!@
Parsing file C:\Users\micha\OneDrive\Documents\Projects\TLA+\Projects\gemini_example\SimpleCounter.tla (file:/c:/Users/micha/OneDrive/Documents/Projects/TLA+/Projects/gemini_example/SimpleCounter.tla)
Parsing file C:\Users\micha\AppData\Local\Temp\tlc-7455163152149899368\Naturals.tla (jar:file:/C:/Users/micha/.vscode/extensions/tlaplus.vscode-ide-2025.3.292024/tools/tla2tools.jar!/tla2sany/StandardModules/Naturals.tla)
Parsing file C:\Users\micha\AppData\Local\Temp\tlc-7455163152149899368\Integers.tla (jar:file:/C:/Users/micha/.vscode/extensions/tlaplus.vscode-ide-2025.3.292024/tools/tla2tools.jar!/tla2sany/StandardModules/Integers.tla)
Semantic processing of module Naturals
Semantic processing of module Integers
Semantic processing of module SimpleCounter
@!@!@STARTMSG 2219:0 @!@!@
SANY finished.
@!@!@ENDMSG 2219 @!@!@
@!@!@STARTMSG 2185:0 @!@!@
Starting... (2025-04-11 11:32:18)
@!@!@ENDMSG 2185 @!@!@
@!@!@STARTMSG 2189:0 @!@!@
Computing initial states...
@!@!@ENDMSG 2189 @!@!@
@!@!@STARTMSG 2190:0 @!@!@
Finished computing initial states: 1 distinct state generated at 2025-04-11 11:32:19.
@!@!@ENDMSG 2190 @!@!@
@!@!@STARTMSG 2200:0 @!@!@
Progress(5274233) at 2025-04-11 11:32:22: 10,548,444 states generated (10,548,444 s/min), 5,274,198 distinct states found (5,274,198 ds/min), 0 states left on queue.
@!@!@ENDMSG 2200 @!@!@
@!@!@STARTMSG 2200:0 @!@!@
Progress(106070031) at 2025-04-11 11:33:22: 212,140,055 states generated (201,591,611 s/min), 106,070,005 distinct states found (100,795,807 ds/min), 1 states left on queue.
@!@!@ENDMSG 2200 @!@!@
@!@!@STARTMSG 2201:0 @!@!@
The coverage statistics at 2025-04-11 11:33:22
@!@!@ENDMSG 2201 @!@!@
@!@!@STARTMSG 2773:0 @!@!@
<Init line 18, col 1 to line 18, col 4 of module SimpleCounter>: 1:1
@!@!@ENDMSG 2773 @!@!@
@!@!@STARTMSG 2221:0 @!@!@
  line 18, col 9 to line 18, col 19 of module SimpleCounter: 1
@!@!@ENDMSG 2221 @!@!@
@!@!@STARTMSG 2772:0 @!@!@
<Increment line 22, col 1 to line 22, col 12 of module SimpleCounter>: 106072205:212144417
@!@!@ENDMSG 2772 @!@!@
@!@!@STARTMSG 2221:0 @!@!@
  line 22, col 20 to line 22, col 30 of module SimpleCounter: 424291014
@!@!@ENDMSG 2221 @!@!@
@!@!@STARTMSG 2221:0 @!@!@
  |line 22, col 20 to line 22, col 20 of module SimpleCounter: 212145671
@!@!@ENDMSG 2221 @!@!@
@!@!@STARTMSG 2221:0 @!@!@
  |line 22, col 26 to line 22, col 30 of module SimpleCounter: 212145760
@!@!@ENDMSG 2221 @!@!@
@!@!@STARTMSG 2221:0 @!@!@
  line 23, col 20 to line 23, col 41 of module SimpleCounter: 212145854
@!@!@ENDMSG 2221 @!@!@
@!@!@STARTMSG 2221:0 @!@!@
  |line 23, col 31 to line 23, col 41 of module SimpleCounter: 212145978
@!@!@ENDMSG 2221 @!@!@
@!@!@STARTMSG 2221:0 @!@!@
  ||line 23, col 31 to line 23, col 37 of module SimpleCounter: 212146056
@!@!@ENDMSG 2221 @!@!@
@!@!@STARTMSG 2774:0 @!@!@
<TypeOK line 49, col 1 to line 49, col 6 of module SimpleCounter>
@!@!@ENDMSG 2774 @!@!@
@!@!@STARTMSG 2221:0 @!@!@
  line 49, col 11 to line 49, col 25 of module SimpleCounter: 106073121
@!@!@ENDMSG 2221 @!@!@
@!@!@STARTMSG 2221:0 @!@!@
  |line 49, col 11 to line 49, col 17 of module SimpleCounter: 106073161
@!@!@ENDMSG 2221 @!@!@
@!@!@STARTMSG 2221:0 @!@!@
  |line 49, col 23 to line 49, col 25 of module SimpleCounter: 106073184
@!@!@ENDMSG 2221 @!@!@
@!@!@STARTMSG 2202:0 @!@!@
End of statistics.
@!@!@ENDMSG 2202 @!@!@
@!@!@STARTMSG 2200:0 @!@!@
Progress(199565255) at 2025-04-11 11:34:22: 399,130,504 states generated (186,990,449 s/min), 199,565,216 distinct states found (93,495,211 ds/min), 1 states left on queue.
@!@!@ENDMSG 2200 @!@!@
